<?xml version="1.0" encoding="UTF-8"?>
<!-- Generated by org.testng.reporters.JUnitReportReporter -->
<testsuite hostname="Apples-MacBook-Pro.local" failures="0" tests="1" name="tests.CheckoutTest" time="32.875" errors="0" timestamp="2021-06-27T01:56:32 IST" skipped="0">
  <testcase classname="tests.CheckoutTest" name="subscribeItem" time="32.875"/>
  <system-out>
close icon is clicked Subscribe Button is clicked Monthly Subscription link is clicked Add Credit card Button is clicked Credit Card option is available and displayed Credit card num is selected  </system-out>
</testsuite> <!-- tests.CheckoutTest -->
