<?xml version="1.0" encoding="UTF-8"?>
<!-- Generated by org.testng.reporters.JUnitReportReporter -->
<testsuite hostname="Apples-MacBook-Pro.local" failures="0" tests="1" name="tests.WelcomeTest" time="29.921" errors="0" timestamp="2021-06-27T01:56:32 IST" skipped="0">
  <testcase classname="tests.WelcomeTest" name="scrollWelcomePageImages" time="29.921"/>
  <system-out>
All pagination Screens are scrolled Welcome page is Displayed  </system-out>
</testsuite> <!-- tests.WelcomeTest -->
