<?xml version="1.0" encoding="UTF-8"?>
<!-- Generated by org.testng.reporters.JUnitReportReporter -->
<testsuite hostname="Apples-MacBook-Pro.local" failures="0" tests="1" name="tests.WelcomeTests" time="11.585" errors="0" timestamp="2021-06-25T00:22:20 IST" skipped="0">
  <testcase classname="tests.WelcomeTests" name="validateWelcomePage" time="11.585"/>
  <system-out/>
</testsuite> <!-- tests.WelcomeTests -->
