<?xml version="1.0" encoding="UTF-8"?>
<!-- Generated by org.testng.reporters.JUnitReportReporter -->
<testsuite hostname="Apples-MacBook-Pro.local" failures="0" tests="1" name="tests.LoginTest" time="28.886" errors="0" timestamp="2021-06-27T01:56:32 IST" skipped="0">
  <testcase classname="tests.LoginTest" name="verifyLoginPage" time="28.886"/>
  <system-out>
close icon is clicked More Option icon is clicked Account Button is clicked Existing Subscription link is clicked User name is entered Password is entered Login is clicked  </system-out>
</testsuite> <!-- tests.LoginTest -->
